-------------------------------------------------------------------------------
Test set: sky.cucumber.automation.RunTest
-------------------------------------------------------------------------------
Tests run: 13, Failures: 6, Errors: 0, Skipped: 7, Time elapsed: 38.682 sec <<< FAILURE!
Given I have arrived on the website(Scenario: Place multiple bets)  Time elapsed: 0.012 sec  <<< FAILURE!
java.lang.AssertionError: 1 expectation failed.
XML path title doesn't match.
Expected: Hello World
  Actual: nullnullDigital, Social, Mobile Marketing | HelloWorldnullnullnullnullnullnullnullnullnullnullnullnullnullnullWhat We DoPromotionsLoyaltyMobileSocialLive EventsTechnologyAgency ServicesMediaAnalyticsLegal + PrizeOur WorkPortfolioClientsLive CampaignsInsightsBlogNewsEventsAwardsWebinarsnullCompanyOur StoryLocationsKey PeopleCareersContact UsPlatform LoginnullContact UsPlatform Loginnullnullnulltonullnulldrive consumer demand.accelerate growth.promotionsloyaltymobile messagingnullnullCase Studies: Cross Screen, Cross ChannelnullMobile Activation at Live EventsnullMulti-channel Photo & Essay ContestnullMulti-Channel Social LoyaltynullUGC Contest & Gaming (and Jedi Training)nullBrand Engagement via ComedynullIn-Store Mobile Gamification & OffernullMobile App Chance to Win SDK & OffernullSocial & Mobile Daily GiveawaynullPosted to Adweek's Social TimesnullHelloWorld's Jen Gray reports how mobile tech has surpassed Back to the Future's expectations.nullnullIs Q1 your biggest holiday opportunity?nullPost-holiday sales are not far behind the dollars spent at the end of the year. Learn how to engage come January 1.neglecting the major retailing opportunity just around the corner - See more at: http://www.helloworld.com/insights/news/articles/2015/09/09/tech-guest-viewpoint-is-q1-your-biggest-holiday-opportunity/#sthash.5I4WTpoM.dpufneglecting the major retailing opportunity just around the corner - See more at: http://www.helloworld.com/insights/news/articles/2015/09/09/tech-guest-viewpoint-is-q1-your-biggest-holiday-opportunity/#sthash.5I4WTpoM.dpufneglecting the major retailing opportunity just around the corner - See more at: http://www.helloworld.com/insights/news/articles/2015/09/09/tech-guest-viewpoint-is-q1-your-biggest-holiday-opportunity/#sthash.5I4WTpoM.dpufnullnullnullComedy leads to conversionTrulia drives social chatter with funny video challenges and a dream sized prize.nullForbes asked our opinion on REInull...and our VP Matt Kates has a response. Check out a great read on REI's decision to opt out of Black Friday.nullnullFree whitepaper: Measuring the Value of Brand EngagementnullNew study shows the impact of engagement on purchase and loyalty.nullnullnullnullnullnullnull| nullCareersPrivacy PolicyePrize SecuredMobile Terms and ConditionsSitemapHelloInsidersGoogle+nullnullnull
setTimeout(function(){var a=document.createElement("script");
var b=document.getElementsByTagName("script")[0];
a.src=document.location.protocol+"//dnn506yrbagrg.cloudfront.net/pages/scripts/0022/7425.js?"+Math.floor(new Date().getTime()/3600000);
a.async=true;a.type="text/javascript";b.parentNode.insertBefore(a,b)}, 1);

(function(i,s,o,g,r,a,m){i['GoogleAnalyticsObject']=r;i[r]=i[r]||function(){
(i[r].q=i[r].q||[]).push(arguments)},i[r].l=1*new Date();a=s.createElement(o),
m=s.getElementsByTagName(o)[0];a.async=1;a.src=g;m.parentNode.insertBefore(a,m)
})(window,document,'script','//www.google-analytics.com/analytics.js','ga');

ga('create', 'UA-1297161-1', 'auto');
ga('send', 'pageview');


// AdRoll Pixel.
adroll_adv_id = "OLCQINIBCFGK3OS6FDV2RV";
adroll_pix_id = "QWQ63Y56WVAFFMCX6LGKMC";
(function () {
var oldonload = window.onload;
window.onload = function(){
   __adroll_loaded=true;
   var scr = document.createElement("script");
   var host = (("https:" == document.location.protocol) ? "https://s.adroll.com" : "http://a.adroll.com");
   scr.setAttribute('async', 'true');
   scr.type = "text/javascript";
   scr.src = host + "/j/roundtrip.js";
   ((document.getElementsByTagName('head') || [null])[0] ||
    document.getElementsByTagName('script')[0].parentNode).appendChild(scr);
   if(oldonload){oldonload()}};
}());

/* <![CDATA[ */
var google_conversion_id = 965796435;
var google_custom_params = window.google_tag_params;
var google_remarketing_only = true;
/* ]]> */
nullnull

	at sun.reflect.NativeConstructorAccessorImpl.newInstance0(Native Method)
	at sun.reflect.NativeConstructorAccessorImpl.newInstance(NativeConstructorAccessorImpl.java:62)
	at sun.reflect.DelegatingConstructorAccessorImpl.newInstance(DelegatingConstructorAccessorImpl.java:45)
	at java.lang.reflect.Constructor.newInstance(Constructor.java:422)
	at org.codehaus.groovy.reflection.CachedConstructor.invoke(CachedConstructor.java:80)
	at org.codehaus.groovy.reflection.CachedConstructor.doConstructorInvoke(CachedConstructor.java:74)
	at org.codehaus.groovy.runtime.callsite.ConstructorSite$ConstructorSiteNoUnwrap.callConstructor(ConstructorSite.java:84)
	at org.codehaus.groovy.runtime.callsite.CallSiteArray.defaultCallConstructor(CallSiteArray.java:60)
	at org.codehaus.groovy.runtime.callsite.AbstractCallSite.callConstructor(AbstractCallSite.java:235)
	at org.codehaus.groovy.runtime.callsite.AbstractCallSite.callConstructor(AbstractCallSite.java:247)
	at com.jayway.restassured.internal.ResponseSpecificationImpl$HamcrestAssertionClosure.validate(ResponseSpecificationImpl.groovy:584)
	at com.jayway.restassured.internal.ResponseSpecificationImpl$HamcrestAssertionClosure$validate$1.call(Unknown Source)
	at org.codehaus.groovy.runtime.callsite.CallSiteArray.defaultCall(CallSiteArray.java:48)
	at org.codehaus.groovy.runtime.callsite.AbstractCallSite.call(AbstractCallSite.java:113)
	at org.codehaus.groovy.runtime.callsite.AbstractCallSite.call(AbstractCallSite.java:125)
	at com.jayway.restassured.internal.RequestSpecificationImpl.applyPathParamsAndSendRequest(RequestSpecificationImpl.groovy:1467)
	at sun.reflect.NativeMethodAccessorImpl.invoke0(Native Method)
	at sun.reflect.NativeMethodAccessorImpl.invoke(NativeMethodAccessorImpl.java:62)
	at sun.reflect.DelegatingMethodAccessorImpl.invoke(DelegatingMethodAccessorImpl.java:43)
	at java.lang.reflect.Method.invoke(Method.java:497)
	at org.codehaus.groovy.reflection.CachedMethod.invoke(CachedMethod.java:93)
	at groovy.lang.MetaMethod.doMethodInvoke(MetaMethod.java:325)
	at groovy.lang.MetaClassImpl.invokeMethod(MetaClassImpl.java:1210)
	at groovy.lang.MetaClassImpl.invokeMethod(MetaClassImpl.java:1019)
	at groovy.lang.MetaClassImpl.invokeMethod(MetaClassImpl.java:810)
	at com.jayway.restassured.internal.RequestSpecificationImpl.invokeMethod(RequestSpecificationImpl.groovy)
	at org.codehaus.groovy.runtime.callsite.PogoInterceptableSite.call(PogoInterceptableSite.java:48)
	at org.codehaus.groovy.runtime.callsite.PogoInterceptableSite.callCurrent(PogoInterceptableSite.java:58)
	at org.codehaus.groovy.runtime.callsite.CallSiteArray.defaultCallCurrent(CallSiteArray.java:52)
	at org.codehaus.groovy.runtime.callsite.AbstractCallSite.callCurrent(AbstractCallSite.java:154)
	at org.codehaus.groovy.runtime.callsite.AbstractCallSite.callCurrent(AbstractCallSite.java:182)
	at com.jayway.restassured.internal.RequestSpecificationImpl.get(RequestSpecificationImpl.groovy:151)
	at com.jayway.restassured.internal.RequestSpecificationImpl.get(RequestSpecificationImpl.groovy)
	at sun.reflect.NativeMethodAccessorImpl.invoke0(Native Method)
	at sun.reflect.NativeMethodAccessorImpl.invoke(NativeMethodAccessorImpl.java:62)
	at sun.reflect.DelegatingMethodAccessorImpl.invoke(DelegatingMethodAccessorImpl.java:43)
	at java.lang.reflect.Method.invoke(Method.java:497)
	at org.codehaus.groovy.reflection.CachedMethod.invoke(CachedMethod.java:93)
	at groovy.lang.MetaMethod.doMethodInvoke(MetaMethod.java:325)
	at groovy.lang.MetaClassImpl.invokeMethod(MetaClassImpl.java:1210)
	at groovy.lang.MetaClassImpl.invokeMethod(MetaClassImpl.java:1019)
	at groovy.lang.MetaClassImpl.invokeMethod(MetaClassImpl.java:810)
	at com.jayway.restassured.internal.RequestSpecificationImpl.invokeMethod(RequestSpecificationImpl.groovy)
	at org.codehaus.groovy.runtime.callsite.PogoInterceptableSite.call(PogoInterceptableSite.java:48)
	at org.codehaus.groovy.runtime.callsite.CallSiteArray.defaultCall(CallSiteArray.java:48)
	at org.codehaus.groovy.runtime.callsite.AbstractCallSite.call(AbstractCallSite.java:113)
	at org.codehaus.groovy.runtime.callsite.AbstractCallSite.call(AbstractCallSite.java:133)
	at com.jayway.restassured.internal.ResponseSpecificationImpl.get(ResponseSpecificationImpl.groovy:276)
	at com.jayway.restassured.internal.ResponseSpecificationImpl.get(ResponseSpecificationImpl.groovy)
	at sky.cucumber.stepDefinitions.HomePageStepDefinitions.i_have_arrived_on_the_website(HomePageStepDefinitions.java:37)
	at ?.Given I have arrived on the website(SkyBetPlacement.feature:9)

Scenario: Place multiple bets  Time elapsed: 0.016 sec  <<< FAILURE!
java.lang.AssertionError: 1 expectation failed.
XML path title doesn't match.
Expected: Hello World
  Actual: nullnullDigital, Social, Mobile Marketing | HelloWorldnullnullnullnullnullnullnullnullnullnullnullnullnullnullWhat We DoPromotionsLoyaltyMobileSocialLive EventsTechnologyAgency ServicesMediaAnalyticsLegal + PrizeOur WorkPortfolioClientsLive CampaignsInsightsBlogNewsEventsAwardsWebinarsnullCompanyOur StoryLocationsKey PeopleCareersContact UsPlatform LoginnullContact UsPlatform Loginnullnullnulltonullnulldrive consumer demand.accelerate growth.promotionsloyaltymobile messagingnullnullCase Studies: Cross Screen, Cross ChannelnullMobile Activation at Live EventsnullMulti-channel Photo & Essay ContestnullMulti-Channel Social LoyaltynullUGC Contest & Gaming (and Jedi Training)nullBrand Engagement via ComedynullIn-Store Mobile Gamification & OffernullMobile App Chance to Win SDK & OffernullSocial & Mobile Daily GiveawaynullPosted to Adweek's Social TimesnullHelloWorld's Jen Gray reports how mobile tech has surpassed Back to the Future's expectations.nullnullIs Q1 your biggest holiday opportunity?nullPost-holiday sales are not far behind the dollars spent at the end of the year. Learn how to engage come January 1.neglecting the major retailing opportunity just around the corner - See more at: http://www.helloworld.com/insights/news/articles/2015/09/09/tech-guest-viewpoint-is-q1-your-biggest-holiday-opportunity/#sthash.5I4WTpoM.dpufneglecting the major retailing opportunity just around the corner - See more at: http://www.helloworld.com/insights/news/articles/2015/09/09/tech-guest-viewpoint-is-q1-your-biggest-holiday-opportunity/#sthash.5I4WTpoM.dpufneglecting the major retailing opportunity just around the corner - See more at: http://www.helloworld.com/insights/news/articles/2015/09/09/tech-guest-viewpoint-is-q1-your-biggest-holiday-opportunity/#sthash.5I4WTpoM.dpufnullnullnullComedy leads to conversionTrulia drives social chatter with funny video challenges and a dream sized prize.nullForbes asked our opinion on REInull...and our VP Matt Kates has a response. Check out a great read on REI's decision to opt out of Black Friday.nullnullFree whitepaper: Measuring the Value of Brand EngagementnullNew study shows the impact of engagement on purchase and loyalty.nullnullnullnullnullnullnull| nullCareersPrivacy PolicyePrize SecuredMobile Terms and ConditionsSitemapHelloInsidersGoogle+nullnullnull
setTimeout(function(){var a=document.createElement("script");
var b=document.getElementsByTagName("script")[0];
a.src=document.location.protocol+"//dnn506yrbagrg.cloudfront.net/pages/scripts/0022/7425.js?"+Math.floor(new Date().getTime()/3600000);
a.async=true;a.type="text/javascript";b.parentNode.insertBefore(a,b)}, 1);

(function(i,s,o,g,r,a,m){i['GoogleAnalyticsObject']=r;i[r]=i[r]||function(){
(i[r].q=i[r].q||[]).push(arguments)},i[r].l=1*new Date();a=s.createElement(o),
m=s.getElementsByTagName(o)[0];a.async=1;a.src=g;m.parentNode.insertBefore(a,m)
})(window,document,'script','//www.google-analytics.com/analytics.js','ga');

ga('create', 'UA-1297161-1', 'auto');
ga('send', 'pageview');


// AdRoll Pixel.
adroll_adv_id = "OLCQINIBCFGK3OS6FDV2RV";
adroll_pix_id = "QWQ63Y56WVAFFMCX6LGKMC";
(function () {
var oldonload = window.onload;
window.onload = function(){
   __adroll_loaded=true;
   var scr = document.createElement("script");
   var host = (("https:" == document.location.protocol) ? "https://s.adroll.com" : "http://a.adroll.com");
   scr.setAttribute('async', 'true');
   scr.type = "text/javascript";
   scr.src = host + "/j/roundtrip.js";
   ((document.getElementsByTagName('head') || [null])[0] ||
    document.getElementsByTagName('script')[0].parentNode).appendChild(scr);
   if(oldonload){oldonload()}};
}());

/* <![CDATA[ */
var google_conversion_id = 965796435;
var google_custom_params = window.google_tag_params;
var google_remarketing_only = true;
/* ]]> */
nullnull

	at sun.reflect.NativeConstructorAccessorImpl.newInstance0(Native Method)
	at sun.reflect.NativeConstructorAccessorImpl.newInstance(NativeConstructorAccessorImpl.java:62)
	at sun.reflect.DelegatingConstructorAccessorImpl.newInstance(DelegatingConstructorAccessorImpl.java:45)
	at java.lang.reflect.Constructor.newInstance(Constructor.java:422)
	at org.codehaus.groovy.reflection.CachedConstructor.invoke(CachedConstructor.java:80)
	at org.codehaus.groovy.reflection.CachedConstructor.doConstructorInvoke(CachedConstructor.java:74)
	at org.codehaus.groovy.runtime.callsite.ConstructorSite$ConstructorSiteNoUnwrap.callConstructor(ConstructorSite.java:84)
	at org.codehaus.groovy.runtime.callsite.CallSiteArray.defaultCallConstructor(CallSiteArray.java:60)
	at org.codehaus.groovy.runtime.callsite.AbstractCallSite.callConstructor(AbstractCallSite.java:235)
	at org.codehaus.groovy.runtime.callsite.AbstractCallSite.callConstructor(AbstractCallSite.java:247)
	at com.jayway.restassured.internal.ResponseSpecificationImpl$HamcrestAssertionClosure.validate(ResponseSpecificationImpl.groovy:584)
	at com.jayway.restassured.internal.ResponseSpecificationImpl$HamcrestAssertionClosure$validate$1.call(Unknown Source)
	at org.codehaus.groovy.runtime.callsite.CallSiteArray.defaultCall(CallSiteArray.java:48)
	at org.codehaus.groovy.runtime.callsite.AbstractCallSite.call(AbstractCallSite.java:113)
	at org.codehaus.groovy.runtime.callsite.AbstractCallSite.call(AbstractCallSite.java:125)
	at com.jayway.restassured.internal.RequestSpecificationImpl.applyPathParamsAndSendRequest(RequestSpecificationImpl.groovy:1467)
	at sun.reflect.NativeMethodAccessorImpl.invoke0(Native Method)
	at sun.reflect.NativeMethodAccessorImpl.invoke(NativeMethodAccessorImpl.java:62)
	at sun.reflect.DelegatingMethodAccessorImpl.invoke(DelegatingMethodAccessorImpl.java:43)
	at java.lang.reflect.Method.invoke(Method.java:497)
	at org.codehaus.groovy.reflection.CachedMethod.invoke(CachedMethod.java:93)
	at groovy.lang.MetaMethod.doMethodInvoke(MetaMethod.java:325)
	at groovy.lang.MetaClassImpl.invokeMethod(MetaClassImpl.java:1210)
	at groovy.lang.MetaClassImpl.invokeMethod(MetaClassImpl.java:1019)
	at groovy.lang.MetaClassImpl.invokeMethod(MetaClassImpl.java:810)
	at com.jayway.restassured.internal.RequestSpecificationImpl.invokeMethod(RequestSpecificationImpl.groovy)
	at org.codehaus.groovy.runtime.callsite.PogoInterceptableSite.call(PogoInterceptableSite.java:48)
	at org.codehaus.groovy.runtime.callsite.PogoInterceptableSite.callCurrent(PogoInterceptableSite.java:58)
	at org.codehaus.groovy.runtime.callsite.CallSiteArray.defaultCallCurrent(CallSiteArray.java:52)
	at org.codehaus.groovy.runtime.callsite.AbstractCallSite.callCurrent(AbstractCallSite.java:154)
	at org.codehaus.groovy.runtime.callsite.AbstractCallSite.callCurrent(AbstractCallSite.java:182)
	at com.jayway.restassured.internal.RequestSpecificationImpl.get(RequestSpecificationImpl.groovy:151)
	at com.jayway.restassured.internal.RequestSpecificationImpl.get(RequestSpecificationImpl.groovy)
	at sun.reflect.NativeMethodAccessorImpl.invoke0(Native Method)
	at sun.reflect.NativeMethodAccessorImpl.invoke(NativeMethodAccessorImpl.java:62)
	at sun.reflect.DelegatingMethodAccessorImpl.invoke(DelegatingMethodAccessorImpl.java:43)
	at java.lang.reflect.Method.invoke(Method.java:497)
	at org.codehaus.groovy.reflection.CachedMethod.invoke(CachedMethod.java:93)
	at groovy.lang.MetaMethod.doMethodInvoke(MetaMethod.java:325)
	at groovy.lang.MetaClassImpl.invokeMethod(MetaClassImpl.java:1210)
	at groovy.lang.MetaClassImpl.invokeMethod(MetaClassImpl.java:1019)
	at groovy.lang.MetaClassImpl.invokeMethod(MetaClassImpl.java:810)
	at com.jayway.restassured.internal.RequestSpecificationImpl.invokeMethod(RequestSpecificationImpl.groovy)
	at org.codehaus.groovy.runtime.callsite.PogoInterceptableSite.call(PogoInterceptableSite.java:48)
	at org.codehaus.groovy.runtime.callsite.CallSiteArray.defaultCall(CallSiteArray.java:48)
	at org.codehaus.groovy.runtime.callsite.AbstractCallSite.call(AbstractCallSite.java:113)
	at org.codehaus.groovy.runtime.callsite.AbstractCallSite.call(AbstractCallSite.java:133)
	at com.jayway.restassured.internal.ResponseSpecificationImpl.get(ResponseSpecificationImpl.groovy:276)
	at com.jayway.restassured.internal.ResponseSpecificationImpl.get(ResponseSpecificationImpl.groovy)
	at sky.cucumber.stepDefinitions.HomePageStepDefinitions.i_have_arrived_on_the_website(HomePageStepDefinitions.java:37)
	at ?.Given I have arrived on the website(SkyBetPlacement.feature:9)

Given I have arrived on the website(Scenario: User browses through available sports)  Time elapsed: 0 sec  <<< FAILURE!
java.lang.AssertionError: 1 expectation failed.
XML path title doesn't match.
Expected: Hello World
  Actual: nullnullDigital, Social, Mobile Marketing | HelloWorldnullnullnullnullnullnullnullnullnullnullnullnullnullnullWhat We DoPromotionsLoyaltyMobileSocialLive EventsTechnologyAgency ServicesMediaAnalyticsLegal + PrizeOur WorkPortfolioClientsLive CampaignsInsightsBlogNewsEventsAwardsWebinarsnullCompanyOur StoryLocationsKey PeopleCareersContact UsPlatform LoginnullContact UsPlatform Loginnullnullnulltonullnulldrive consumer demand.accelerate growth.promotionsloyaltymobile messagingnullnullCase Studies: Cross Screen, Cross ChannelnullMobile Activation at Live EventsnullMulti-channel Photo & Essay ContestnullMulti-Channel Social LoyaltynullUGC Contest & Gaming (and Jedi Training)nullBrand Engagement via ComedynullIn-Store Mobile Gamification & OffernullMobile App Chance to Win SDK & OffernullSocial & Mobile Daily GiveawaynullPosted to Adweek's Social TimesnullHelloWorld's Jen Gray reports how mobile tech has surpassed Back to the Future's expectations.nullnullIs Q1 your biggest holiday opportunity?nullPost-holiday sales are not far behind the dollars spent at the end of the year. Learn how to engage come January 1.neglecting the major retailing opportunity just around the corner - See more at: http://www.helloworld.com/insights/news/articles/2015/09/09/tech-guest-viewpoint-is-q1-your-biggest-holiday-opportunity/#sthash.5I4WTpoM.dpufneglecting the major retailing opportunity just around the corner - See more at: http://www.helloworld.com/insights/news/articles/2015/09/09/tech-guest-viewpoint-is-q1-your-biggest-holiday-opportunity/#sthash.5I4WTpoM.dpufneglecting the major retailing opportunity just around the corner - See more at: http://www.helloworld.com/insights/news/articles/2015/09/09/tech-guest-viewpoint-is-q1-your-biggest-holiday-opportunity/#sthash.5I4WTpoM.dpufnullnullnullComedy leads to conversionTrulia drives social chatter with funny video challenges and a dream sized prize.nullForbes asked our opinion on REInull...and our VP Matt Kates has a response. Check out a great read on REI's decision to opt out of Black Friday.nullnullFree whitepaper: Measuring the Value of Brand EngagementnullNew study shows the impact of engagement on purchase and loyalty.nullnullnullnullnullnullnull| nullCareersPrivacy PolicyePrize SecuredMobile Terms and ConditionsSitemapHelloInsidersGoogle+nullnullnull
setTimeout(function(){var a=document.createElement("script");
var b=document.getElementsByTagName("script")[0];
a.src=document.location.protocol+"//dnn506yrbagrg.cloudfront.net/pages/scripts/0022/7425.js?"+Math.floor(new Date().getTime()/3600000);
a.async=true;a.type="text/javascript";b.parentNode.insertBefore(a,b)}, 1);

(function(i,s,o,g,r,a,m){i['GoogleAnalyticsObject']=r;i[r]=i[r]||function(){
(i[r].q=i[r].q||[]).push(arguments)},i[r].l=1*new Date();a=s.createElement(o),
m=s.getElementsByTagName(o)[0];a.async=1;a.src=g;m.parentNode.insertBefore(a,m)
})(window,document,'script','//www.google-analytics.com/analytics.js','ga');

ga('create', 'UA-1297161-1', 'auto');
ga('send', 'pageview');


// AdRoll Pixel.
adroll_adv_id = "OLCQINIBCFGK3OS6FDV2RV";
adroll_pix_id = "QWQ63Y56WVAFFMCX6LGKMC";
(function () {
var oldonload = window.onload;
window.onload = function(){
   __adroll_loaded=true;
   var scr = document.createElement("script");
   var host = (("https:" == document.location.protocol) ? "https://s.adroll.com" : "http://a.adroll.com");
   scr.setAttribute('async', 'true');
   scr.type = "text/javascript";
   scr.src = host + "/j/roundtrip.js";
   ((document.getElementsByTagName('head') || [null])[0] ||
    document.getElementsByTagName('script')[0].parentNode).appendChild(scr);
   if(oldonload){oldonload()}};
}());

/* <![CDATA[ */
var google_conversion_id = 965796435;
var google_custom_params = window.google_tag_params;
var google_remarketing_only = true;
/* ]]> */
nullnull

	at sun.reflect.NativeConstructorAccessorImpl.newInstance0(Native Method)
	at sun.reflect.NativeConstructorAccessorImpl.newInstance(NativeConstructorAccessorImpl.java:62)
	at sun.reflect.DelegatingConstructorAccessorImpl.newInstance(DelegatingConstructorAccessorImpl.java:45)
	at java.lang.reflect.Constructor.newInstance(Constructor.java:422)
	at org.codehaus.groovy.reflection.CachedConstructor.invoke(CachedConstructor.java:80)
	at org.codehaus.groovy.reflection.CachedConstructor.doConstructorInvoke(CachedConstructor.java:74)
	at org.codehaus.groovy.runtime.callsite.ConstructorSite$ConstructorSiteNoUnwrap.callConstructor(ConstructorSite.java:84)
	at org.codehaus.groovy.runtime.callsite.AbstractCallSite.callConstructor(AbstractCallSite.java:247)
	at com.jayway.restassured.internal.ResponseSpecificationImpl$HamcrestAssertionClosure.validate(ResponseSpecificationImpl.groovy:584)
	at com.jayway.restassured.internal.ResponseSpecificationImpl$HamcrestAssertionClosure$validate$1.call(Unknown Source)
	at com.jayway.restassured.internal.RequestSpecificationImpl.applyPathParamsAndSendRequest(RequestSpecificationImpl.groovy:1467)
	at sun.reflect.NativeMethodAccessorImpl.invoke0(Native Method)
	at sun.reflect.NativeMethodAccessorImpl.invoke(NativeMethodAccessorImpl.java:62)
	at sun.reflect.DelegatingMethodAccessorImpl.invoke(DelegatingMethodAccessorImpl.java:43)
	at java.lang.reflect.Method.invoke(Method.java:497)
	at org.codehaus.groovy.reflection.CachedMethod.invoke(CachedMethod.java:93)
	at groovy.lang.MetaMethod.doMethodInvoke(MetaMethod.java:325)
	at groovy.lang.MetaClassImpl.invokeMethod(MetaClassImpl.java:1210)
	at groovy.lang.MetaClassImpl.invokeMethod(MetaClassImpl.java:1019)
	at groovy.lang.MetaClassImpl.invokeMethod(MetaClassImpl.java:810)
	at com.jayway.restassured.internal.RequestSpecificationImpl.invokeMethod(RequestSpecificationImpl.groovy)
	at org.codehaus.groovy.runtime.callsite.PogoInterceptableSite.call(PogoInterceptableSite.java:48)
	at org.codehaus.groovy.runtime.callsite.PogoInterceptableSite.callCurrent(PogoInterceptableSite.java:58)
	at org.codehaus.groovy.runtime.callsite.AbstractCallSite.callCurrent(AbstractCallSite.java:182)
	at com.jayway.restassured.internal.RequestSpecificationImpl.get(RequestSpecificationImpl.groovy:151)
	at com.jayway.restassured.internal.RequestSpecificationImpl.get(RequestSpecificationImpl.groovy)
	at sun.reflect.NativeMethodAccessorImpl.invoke0(Native Method)
	at sun.reflect.NativeMethodAccessorImpl.invoke(NativeMethodAccessorImpl.java:62)
	at sun.reflect.DelegatingMethodAccessorImpl.invoke(DelegatingMethodAccessorImpl.java:43)
	at java.lang.reflect.Method.invoke(Method.java:497)
	at org.codehaus.groovy.reflection.CachedMethod.invoke(CachedMethod.java:93)
	at groovy.lang.MetaMethod.doMethodInvoke(MetaMethod.java:325)
	at groovy.lang.MetaClassImpl.invokeMethod(MetaClassImpl.java:1210)
	at groovy.lang.MetaClassImpl.invokeMethod(MetaClassImpl.java:1019)
	at groovy.lang.MetaClassImpl.invokeMethod(MetaClassImpl.java:810)
	at com.jayway.restassured.internal.RequestSpecificationImpl.invokeMethod(RequestSpecificationImpl.groovy)
	at org.codehaus.groovy.runtime.callsite.PogoInterceptableSite.call(PogoInterceptableSite.java:48)
	at org.codehaus.groovy.runtime.callsite.AbstractCallSite.call(AbstractCallSite.java:133)
	at com.jayway.restassured.internal.ResponseSpecificationImpl.get(ResponseSpecificationImpl.groovy:276)
	at com.jayway.restassured.internal.ResponseSpecificationImpl.get(ResponseSpecificationImpl.groovy)
	at sky.cucumber.stepDefinitions.HomePageStepDefinitions.i_have_arrived_on_the_website(HomePageStepDefinitions.java:37)
	at ?.Given I have arrived on the website(SkySportNavigation.feature:8)

Scenario: User browses through available sports  Time elapsed: 0.003 sec  <<< FAILURE!
java.lang.AssertionError: 1 expectation failed.
XML path title doesn't match.
Expected: Hello World
  Actual: nullnullDigital, Social, Mobile Marketing | HelloWorldnullnullnullnullnullnullnullnullnullnullnullnullnullnullWhat We DoPromotionsLoyaltyMobileSocialLive EventsTechnologyAgency ServicesMediaAnalyticsLegal + PrizeOur WorkPortfolioClientsLive CampaignsInsightsBlogNewsEventsAwardsWebinarsnullCompanyOur StoryLocationsKey PeopleCareersContact UsPlatform LoginnullContact UsPlatform Loginnullnullnulltonullnulldrive consumer demand.accelerate growth.promotionsloyaltymobile messagingnullnullCase Studies: Cross Screen, Cross ChannelnullMobile Activation at Live EventsnullMulti-channel Photo & Essay ContestnullMulti-Channel Social LoyaltynullUGC Contest & Gaming (and Jedi Training)nullBrand Engagement via ComedynullIn-Store Mobile Gamification & OffernullMobile App Chance to Win SDK & OffernullSocial & Mobile Daily GiveawaynullPosted to Adweek's Social TimesnullHelloWorld's Jen Gray reports how mobile tech has surpassed Back to the Future's expectations.nullnullIs Q1 your biggest holiday opportunity?nullPost-holiday sales are not far behind the dollars spent at the end of the year. Learn how to engage come January 1.neglecting the major retailing opportunity just around the corner - See more at: http://www.helloworld.com/insights/news/articles/2015/09/09/tech-guest-viewpoint-is-q1-your-biggest-holiday-opportunity/#sthash.5I4WTpoM.dpufneglecting the major retailing opportunity just around the corner - See more at: http://www.helloworld.com/insights/news/articles/2015/09/09/tech-guest-viewpoint-is-q1-your-biggest-holiday-opportunity/#sthash.5I4WTpoM.dpufneglecting the major retailing opportunity just around the corner - See more at: http://www.helloworld.com/insights/news/articles/2015/09/09/tech-guest-viewpoint-is-q1-your-biggest-holiday-opportunity/#sthash.5I4WTpoM.dpufnullnullnullComedy leads to conversionTrulia drives social chatter with funny video challenges and a dream sized prize.nullForbes asked our opinion on REInull...and our VP Matt Kates has a response. Check out a great read on REI's decision to opt out of Black Friday.nullnullFree whitepaper: Measuring the Value of Brand EngagementnullNew study shows the impact of engagement on purchase and loyalty.nullnullnullnullnullnullnull| nullCareersPrivacy PolicyePrize SecuredMobile Terms and ConditionsSitemapHelloInsidersGoogle+nullnullnull
setTimeout(function(){var a=document.createElement("script");
var b=document.getElementsByTagName("script")[0];
a.src=document.location.protocol+"//dnn506yrbagrg.cloudfront.net/pages/scripts/0022/7425.js?"+Math.floor(new Date().getTime()/3600000);
a.async=true;a.type="text/javascript";b.parentNode.insertBefore(a,b)}, 1);

(function(i,s,o,g,r,a,m){i['GoogleAnalyticsObject']=r;i[r]=i[r]||function(){
(i[r].q=i[r].q||[]).push(arguments)},i[r].l=1*new Date();a=s.createElement(o),
m=s.getElementsByTagName(o)[0];a.async=1;a.src=g;m.parentNode.insertBefore(a,m)
})(window,document,'script','//www.google-analytics.com/analytics.js','ga');

ga('create', 'UA-1297161-1', 'auto');
ga('send', 'pageview');


// AdRoll Pixel.
adroll_adv_id = "OLCQINIBCFGK3OS6FDV2RV";
adroll_pix_id = "QWQ63Y56WVAFFMCX6LGKMC";
(function () {
var oldonload = window.onload;
window.onload = function(){
   __adroll_loaded=true;
   var scr = document.createElement("script");
   var host = (("https:" == document.location.protocol) ? "https://s.adroll.com" : "http://a.adroll.com");
   scr.setAttribute('async', 'true');
   scr.type = "text/javascript";
   scr.src = host + "/j/roundtrip.js";
   ((document.getElementsByTagName('head') || [null])[0] ||
    document.getElementsByTagName('script')[0].parentNode).appendChild(scr);
   if(oldonload){oldonload()}};
}());

/* <![CDATA[ */
var google_conversion_id = 965796435;
var google_custom_params = window.google_tag_params;
var google_remarketing_only = true;
/* ]]> */
nullnull

	at sun.reflect.NativeConstructorAccessorImpl.newInstance0(Native Method)
	at sun.reflect.NativeConstructorAccessorImpl.newInstance(NativeConstructorAccessorImpl.java:62)
	at sun.reflect.DelegatingConstructorAccessorImpl.newInstance(DelegatingConstructorAccessorImpl.java:45)
	at java.lang.reflect.Constructor.newInstance(Constructor.java:422)
	at org.codehaus.groovy.reflection.CachedConstructor.invoke(CachedConstructor.java:80)
	at org.codehaus.groovy.reflection.CachedConstructor.doConstructorInvoke(CachedConstructor.java:74)
	at org.codehaus.groovy.runtime.callsite.ConstructorSite$ConstructorSiteNoUnwrap.callConstructor(ConstructorSite.java:84)
	at org.codehaus.groovy.runtime.callsite.AbstractCallSite.callConstructor(AbstractCallSite.java:247)
	at com.jayway.restassured.internal.ResponseSpecificationImpl$HamcrestAssertionClosure.validate(ResponseSpecificationImpl.groovy:584)
	at com.jayway.restassured.internal.ResponseSpecificationImpl$HamcrestAssertionClosure$validate$1.call(Unknown Source)
	at com.jayway.restassured.internal.RequestSpecificationImpl.applyPathParamsAndSendRequest(RequestSpecificationImpl.groovy:1467)
	at sun.reflect.NativeMethodAccessorImpl.invoke0(Native Method)
	at sun.reflect.NativeMethodAccessorImpl.invoke(NativeMethodAccessorImpl.java:62)
	at sun.reflect.DelegatingMethodAccessorImpl.invoke(DelegatingMethodAccessorImpl.java:43)
	at java.lang.reflect.Method.invoke(Method.java:497)
	at org.codehaus.groovy.reflection.CachedMethod.invoke(CachedMethod.java:93)
	at groovy.lang.MetaMethod.doMethodInvoke(MetaMethod.java:325)
	at groovy.lang.MetaClassImpl.invokeMethod(MetaClassImpl.java:1210)
	at groovy.lang.MetaClassImpl.invokeMethod(MetaClassImpl.java:1019)
	at groovy.lang.MetaClassImpl.invokeMethod(MetaClassImpl.java:810)
	at com.jayway.restassured.internal.RequestSpecificationImpl.invokeMethod(RequestSpecificationImpl.groovy)
	at org.codehaus.groovy.runtime.callsite.PogoInterceptableSite.call(PogoInterceptableSite.java:48)
	at org.codehaus.groovy.runtime.callsite.PogoInterceptableSite.callCurrent(PogoInterceptableSite.java:58)
	at org.codehaus.groovy.runtime.callsite.AbstractCallSite.callCurrent(AbstractCallSite.java:182)
	at com.jayway.restassured.internal.RequestSpecificationImpl.get(RequestSpecificationImpl.groovy:151)
	at com.jayway.restassured.internal.RequestSpecificationImpl.get(RequestSpecificationImpl.groovy)
	at sun.reflect.NativeMethodAccessorImpl.invoke0(Native Method)
	at sun.reflect.NativeMethodAccessorImpl.invoke(NativeMethodAccessorImpl.java:62)
	at sun.reflect.DelegatingMethodAccessorImpl.invoke(DelegatingMethodAccessorImpl.java:43)
	at java.lang.reflect.Method.invoke(Method.java:497)
	at org.codehaus.groovy.reflection.CachedMethod.invoke(CachedMethod.java:93)
	at groovy.lang.MetaMethod.doMethodInvoke(MetaMethod.java:325)
	at groovy.lang.MetaClassImpl.invokeMethod(MetaClassImpl.java:1210)
	at groovy.lang.MetaClassImpl.invokeMethod(MetaClassImpl.java:1019)
	at groovy.lang.MetaClassImpl.invokeMethod(MetaClassImpl.java:810)
	at com.jayway.restassured.internal.RequestSpecificationImpl.invokeMethod(RequestSpecificationImpl.groovy)
	at org.codehaus.groovy.runtime.callsite.PogoInterceptableSite.call(PogoInterceptableSite.java:48)
	at org.codehaus.groovy.runtime.callsite.AbstractCallSite.call(AbstractCallSite.java:133)
	at com.jayway.restassured.internal.ResponseSpecificationImpl.get(ResponseSpecificationImpl.groovy:276)
	at com.jayway.restassured.internal.ResponseSpecificationImpl.get(ResponseSpecificationImpl.groovy)
	at sky.cucumber.stepDefinitions.HomePageStepDefinitions.i_have_arrived_on_the_website(HomePageStepDefinitions.java:37)
	at ?.Given I have arrived on the website(SkySportNavigation.feature:8)

Given I have arrived on the website(Scenario: Display login options)  Time elapsed: 0 sec  <<< FAILURE!
java.lang.AssertionError: 1 expectation failed.
XML path title doesn't match.
Expected: Hello World
  Actual: nullnullDigital, Social, Mobile Marketing | HelloWorldnullnullnullnullnullnullnullnullnullnullnullnullnullnullWhat We DoPromotionsLoyaltyMobileSocialLive EventsTechnologyAgency ServicesMediaAnalyticsLegal + PrizeOur WorkPortfolioClientsLive CampaignsInsightsBlogNewsEventsAwardsWebinarsnullCompanyOur StoryLocationsKey PeopleCareersContact UsPlatform LoginnullContact UsPlatform Loginnullnullnulltonullnulldrive consumer demand.accelerate growth.promotionsloyaltymobile messagingnullnullCase Studies: Cross Screen, Cross ChannelnullMobile Activation at Live EventsnullMulti-channel Photo & Essay ContestnullMulti-Channel Social LoyaltynullUGC Contest & Gaming (and Jedi Training)nullBrand Engagement via ComedynullIn-Store Mobile Gamification & OffernullMobile App Chance to Win SDK & OffernullSocial & Mobile Daily GiveawaynullPosted to Adweek's Social TimesnullHelloWorld's Jen Gray reports how mobile tech has surpassed Back to the Future's expectations.nullnullIs Q1 your biggest holiday opportunity?nullPost-holiday sales are not far behind the dollars spent at the end of the year. Learn how to engage come January 1.neglecting the major retailing opportunity just around the corner - See more at: http://www.helloworld.com/insights/news/articles/2015/09/09/tech-guest-viewpoint-is-q1-your-biggest-holiday-opportunity/#sthash.5I4WTpoM.dpufneglecting the major retailing opportunity just around the corner - See more at: http://www.helloworld.com/insights/news/articles/2015/09/09/tech-guest-viewpoint-is-q1-your-biggest-holiday-opportunity/#sthash.5I4WTpoM.dpufneglecting the major retailing opportunity just around the corner - See more at: http://www.helloworld.com/insights/news/articles/2015/09/09/tech-guest-viewpoint-is-q1-your-biggest-holiday-opportunity/#sthash.5I4WTpoM.dpufnullnullnullComedy leads to conversionTrulia drives social chatter with funny video challenges and a dream sized prize.nullForbes asked our opinion on REInull...and our VP Matt Kates has a response. Check out a great read on REI's decision to opt out of Black Friday.nullnullFree whitepaper: Measuring the Value of Brand EngagementnullNew study shows the impact of engagement on purchase and loyalty.nullnullnullnullnullnullnull| nullCareersPrivacy PolicyePrize SecuredMobile Terms and ConditionsSitemapHelloInsidersGoogle+nullnullnull
setTimeout(function(){var a=document.createElement("script");
var b=document.getElementsByTagName("script")[0];
a.src=document.location.protocol+"//dnn506yrbagrg.cloudfront.net/pages/scripts/0022/7425.js?"+Math.floor(new Date().getTime()/3600000);
a.async=true;a.type="text/javascript";b.parentNode.insertBefore(a,b)}, 1);

(function(i,s,o,g,r,a,m){i['GoogleAnalyticsObject']=r;i[r]=i[r]||function(){
(i[r].q=i[r].q||[]).push(arguments)},i[r].l=1*new Date();a=s.createElement(o),
m=s.getElementsByTagName(o)[0];a.async=1;a.src=g;m.parentNode.insertBefore(a,m)
})(window,document,'script','//www.google-analytics.com/analytics.js','ga');

ga('create', 'UA-1297161-1', 'auto');
ga('send', 'pageview');


// AdRoll Pixel.
adroll_adv_id = "OLCQINIBCFGK3OS6FDV2RV";
adroll_pix_id = "QWQ63Y56WVAFFMCX6LGKMC";
(function () {
var oldonload = window.onload;
window.onload = function(){
   __adroll_loaded=true;
   var scr = document.createElement("script");
   var host = (("https:" == document.location.protocol) ? "https://s.adroll.com" : "http://a.adroll.com");
   scr.setAttribute('async', 'true');
   scr.type = "text/javascript";
   scr.src = host + "/j/roundtrip.js";
   ((document.getElementsByTagName('head') || [null])[0] ||
    document.getElementsByTagName('script')[0].parentNode).appendChild(scr);
   if(oldonload){oldonload()}};
}());

/* <![CDATA[ */
var google_conversion_id = 965796435;
var google_custom_params = window.google_tag_params;
var google_remarketing_only = true;
/* ]]> */
nullnull

	at sun.reflect.NativeConstructorAccessorImpl.newInstance0(Native Method)
	at sun.reflect.NativeConstructorAccessorImpl.newInstance(NativeConstructorAccessorImpl.java:62)
	at sun.reflect.DelegatingConstructorAccessorImpl.newInstance(DelegatingConstructorAccessorImpl.java:45)
	at java.lang.reflect.Constructor.newInstance(Constructor.java:422)
	at org.codehaus.groovy.reflection.CachedConstructor.invoke(CachedConstructor.java:80)
	at org.codehaus.groovy.reflection.CachedConstructor.doConstructorInvoke(CachedConstructor.java:74)
	at org.codehaus.groovy.runtime.callsite.ConstructorSite$ConstructorSiteNoUnwrap.callConstructor(ConstructorSite.java:84)
	at org.codehaus.groovy.runtime.callsite.AbstractCallSite.callConstructor(AbstractCallSite.java:247)
	at com.jayway.restassured.internal.ResponseSpecificationImpl$HamcrestAssertionClosure.validate(ResponseSpecificationImpl.groovy:584)
	at com.jayway.restassured.internal.ResponseSpecificationImpl$HamcrestAssertionClosure$validate$1.call(Unknown Source)
	at com.jayway.restassured.internal.RequestSpecificationImpl.applyPathParamsAndSendRequest(RequestSpecificationImpl.groovy:1467)
	at sun.reflect.NativeMethodAccessorImpl.invoke0(Native Method)
	at sun.reflect.NativeMethodAccessorImpl.invoke(NativeMethodAccessorImpl.java:62)
	at sun.reflect.DelegatingMethodAccessorImpl.invoke(DelegatingMethodAccessorImpl.java:43)
	at java.lang.reflect.Method.invoke(Method.java:497)
	at org.codehaus.groovy.reflection.CachedMethod.invoke(CachedMethod.java:93)
	at groovy.lang.MetaMethod.doMethodInvoke(MetaMethod.java:325)
	at groovy.lang.MetaClassImpl.invokeMethod(MetaClassImpl.java:1210)
	at groovy.lang.MetaClassImpl.invokeMethod(MetaClassImpl.java:1019)
	at groovy.lang.MetaClassImpl.invokeMethod(MetaClassImpl.java:810)
	at com.jayway.restassured.internal.RequestSpecificationImpl.invokeMethod(RequestSpecificationImpl.groovy)
	at org.codehaus.groovy.runtime.callsite.PogoInterceptableSite.call(PogoInterceptableSite.java:48)
	at org.codehaus.groovy.runtime.callsite.PogoInterceptableSite.callCurrent(PogoInterceptableSite.java:58)
	at org.codehaus.groovy.runtime.callsite.AbstractCallSite.callCurrent(AbstractCallSite.java:182)
	at com.jayway.restassured.internal.RequestSpecificationImpl.get(RequestSpecificationImpl.groovy:151)
	at com.jayway.restassured.internal.RequestSpecificationImpl.get(RequestSpecificationImpl.groovy)
	at sun.reflect.NativeMethodAccessorImpl.invoke0(Native Method)
	at sun.reflect.NativeMethodAccessorImpl.invoke(NativeMethodAccessorImpl.java:62)
	at sun.reflect.DelegatingMethodAccessorImpl.invoke(DelegatingMethodAccessorImpl.java:43)
	at java.lang.reflect.Method.invoke(Method.java:497)
	at org.codehaus.groovy.reflection.CachedMethod.invoke(CachedMethod.java:93)
	at groovy.lang.MetaMethod.doMethodInvoke(MetaMethod.java:325)
	at groovy.lang.MetaClassImpl.invokeMethod(MetaClassImpl.java:1210)
	at groovy.lang.MetaClassImpl.invokeMethod(MetaClassImpl.java:1019)
	at groovy.lang.MetaClassImpl.invokeMethod(MetaClassImpl.java:810)
	at com.jayway.restassured.internal.RequestSpecificationImpl.invokeMethod(RequestSpecificationImpl.groovy)
	at org.codehaus.groovy.runtime.callsite.PogoInterceptableSite.call(PogoInterceptableSite.java:48)
	at org.codehaus.groovy.runtime.callsite.AbstractCallSite.call(AbstractCallSite.java:133)
	at com.jayway.restassured.internal.ResponseSpecificationImpl.get(ResponseSpecificationImpl.groovy:276)
	at com.jayway.restassured.internal.ResponseSpecificationImpl.get(ResponseSpecificationImpl.groovy)
	at sky.cucumber.stepDefinitions.HomePageStepDefinitions.i_have_arrived_on_the_website(HomePageStepDefinitions.java:37)
	at ?.Given I have arrived on the website(skyLogin.feature:9)

Scenario: Display login options  Time elapsed: 0.001 sec  <<< FAILURE!
java.lang.AssertionError: 1 expectation failed.
XML path title doesn't match.
Expected: Hello World
  Actual: nullnullDigital, Social, Mobile Marketing | HelloWorldnullnullnullnullnullnullnullnullnullnullnullnullnullnullWhat We DoPromotionsLoyaltyMobileSocialLive EventsTechnologyAgency ServicesMediaAnalyticsLegal + PrizeOur WorkPortfolioClientsLive CampaignsInsightsBlogNewsEventsAwardsWebinarsnullCompanyOur StoryLocationsKey PeopleCareersContact UsPlatform LoginnullContact UsPlatform Loginnullnullnulltonullnulldrive consumer demand.accelerate growth.promotionsloyaltymobile messagingnullnullCase Studies: Cross Screen, Cross ChannelnullMobile Activation at Live EventsnullMulti-channel Photo & Essay ContestnullMulti-Channel Social LoyaltynullUGC Contest & Gaming (and Jedi Training)nullBrand Engagement via ComedynullIn-Store Mobile Gamification & OffernullMobile App Chance to Win SDK & OffernullSocial & Mobile Daily GiveawaynullPosted to Adweek's Social TimesnullHelloWorld's Jen Gray reports how mobile tech has surpassed Back to the Future's expectations.nullnullIs Q1 your biggest holiday opportunity?nullPost-holiday sales are not far behind the dollars spent at the end of the year. Learn how to engage come January 1.neglecting the major retailing opportunity just around the corner - See more at: http://www.helloworld.com/insights/news/articles/2015/09/09/tech-guest-viewpoint-is-q1-your-biggest-holiday-opportunity/#sthash.5I4WTpoM.dpufneglecting the major retailing opportunity just around the corner - See more at: http://www.helloworld.com/insights/news/articles/2015/09/09/tech-guest-viewpoint-is-q1-your-biggest-holiday-opportunity/#sthash.5I4WTpoM.dpufneglecting the major retailing opportunity just around the corner - See more at: http://www.helloworld.com/insights/news/articles/2015/09/09/tech-guest-viewpoint-is-q1-your-biggest-holiday-opportunity/#sthash.5I4WTpoM.dpufnullnullnullComedy leads to conversionTrulia drives social chatter with funny video challenges and a dream sized prize.nullForbes asked our opinion on REInull...and our VP Matt Kates has a response. Check out a great read on REI's decision to opt out of Black Friday.nullnullFree whitepaper: Measuring the Value of Brand EngagementnullNew study shows the impact of engagement on purchase and loyalty.nullnullnullnullnullnullnull| nullCareersPrivacy PolicyePrize SecuredMobile Terms and ConditionsSitemapHelloInsidersGoogle+nullnullnull
setTimeout(function(){var a=document.createElement("script");
var b=document.getElementsByTagName("script")[0];
a.src=document.location.protocol+"//dnn506yrbagrg.cloudfront.net/pages/scripts/0022/7425.js?"+Math.floor(new Date().getTime()/3600000);
a.async=true;a.type="text/javascript";b.parentNode.insertBefore(a,b)}, 1);

(function(i,s,o,g,r,a,m){i['GoogleAnalyticsObject']=r;i[r]=i[r]||function(){
(i[r].q=i[r].q||[]).push(arguments)},i[r].l=1*new Date();a=s.createElement(o),
m=s.getElementsByTagName(o)[0];a.async=1;a.src=g;m.parentNode.insertBefore(a,m)
})(window,document,'script','//www.google-analytics.com/analytics.js','ga');

ga('create', 'UA-1297161-1', 'auto');
ga('send', 'pageview');


// AdRoll Pixel.
adroll_adv_id = "OLCQINIBCFGK3OS6FDV2RV";
adroll_pix_id = "QWQ63Y56WVAFFMCX6LGKMC";
(function () {
var oldonload = window.onload;
window.onload = function(){
   __adroll_loaded=true;
   var scr = document.createElement("script");
   var host = (("https:" == document.location.protocol) ? "https://s.adroll.com" : "http://a.adroll.com");
   scr.setAttribute('async', 'true');
   scr.type = "text/javascript";
   scr.src = host + "/j/roundtrip.js";
   ((document.getElementsByTagName('head') || [null])[0] ||
    document.getElementsByTagName('script')[0].parentNode).appendChild(scr);
   if(oldonload){oldonload()}};
}());

/* <![CDATA[ */
var google_conversion_id = 965796435;
var google_custom_params = window.google_tag_params;
var google_remarketing_only = true;
/* ]]> */
nullnull

	at sun.reflect.NativeConstructorAccessorImpl.newInstance0(Native Method)
	at sun.reflect.NativeConstructorAccessorImpl.newInstance(NativeConstructorAccessorImpl.java:62)
	at sun.reflect.DelegatingConstructorAccessorImpl.newInstance(DelegatingConstructorAccessorImpl.java:45)
	at java.lang.reflect.Constructor.newInstance(Constructor.java:422)
	at org.codehaus.groovy.reflection.CachedConstructor.invoke(CachedConstructor.java:80)
	at org.codehaus.groovy.reflection.CachedConstructor.doConstructorInvoke(CachedConstructor.java:74)
	at org.codehaus.groovy.runtime.callsite.ConstructorSite$ConstructorSiteNoUnwrap.callConstructor(ConstructorSite.java:84)
	at org.codehaus.groovy.runtime.callsite.AbstractCallSite.callConstructor(AbstractCallSite.java:247)
	at com.jayway.restassured.internal.ResponseSpecificationImpl$HamcrestAssertionClosure.validate(ResponseSpecificationImpl.groovy:584)
	at com.jayway.restassured.internal.ResponseSpecificationImpl$HamcrestAssertionClosure$validate$1.call(Unknown Source)
	at com.jayway.restassured.internal.RequestSpecificationImpl.applyPathParamsAndSendRequest(RequestSpecificationImpl.groovy:1467)
	at sun.reflect.NativeMethodAccessorImpl.invoke0(Native Method)
	at sun.reflect.NativeMethodAccessorImpl.invoke(NativeMethodAccessorImpl.java:62)
	at sun.reflect.DelegatingMethodAccessorImpl.invoke(DelegatingMethodAccessorImpl.java:43)
	at java.lang.reflect.Method.invoke(Method.java:497)
	at org.codehaus.groovy.reflection.CachedMethod.invoke(CachedMethod.java:93)
	at groovy.lang.MetaMethod.doMethodInvoke(MetaMethod.java:325)
	at groovy.lang.MetaClassImpl.invokeMethod(MetaClassImpl.java:1210)
	at groovy.lang.MetaClassImpl.invokeMethod(MetaClassImpl.java:1019)
	at groovy.lang.MetaClassImpl.invokeMethod(MetaClassImpl.java:810)
	at com.jayway.restassured.internal.RequestSpecificationImpl.invokeMethod(RequestSpecificationImpl.groovy)
	at org.codehaus.groovy.runtime.callsite.PogoInterceptableSite.call(PogoInterceptableSite.java:48)
	at org.codehaus.groovy.runtime.callsite.PogoInterceptableSite.callCurrent(PogoInterceptableSite.java:58)
	at org.codehaus.groovy.runtime.callsite.AbstractCallSite.callCurrent(AbstractCallSite.java:182)
	at com.jayway.restassured.internal.RequestSpecificationImpl.get(RequestSpecificationImpl.groovy:151)
	at com.jayway.restassured.internal.RequestSpecificationImpl.get(RequestSpecificationImpl.groovy)
	at sun.reflect.NativeMethodAccessorImpl.invoke0(Native Method)
	at sun.reflect.NativeMethodAccessorImpl.invoke(NativeMethodAccessorImpl.java:62)
	at sun.reflect.DelegatingMethodAccessorImpl.invoke(DelegatingMethodAccessorImpl.java:43)
	at java.lang.reflect.Method.invoke(Method.java:497)
	at org.codehaus.groovy.reflection.CachedMethod.invoke(CachedMethod.java:93)
	at groovy.lang.MetaMethod.doMethodInvoke(MetaMethod.java:325)
	at groovy.lang.MetaClassImpl.invokeMethod(MetaClassImpl.java:1210)
	at groovy.lang.MetaClassImpl.invokeMethod(MetaClassImpl.java:1019)
	at groovy.lang.MetaClassImpl.invokeMethod(MetaClassImpl.java:810)
	at com.jayway.restassured.internal.RequestSpecificationImpl.invokeMethod(RequestSpecificationImpl.groovy)
	at org.codehaus.groovy.runtime.callsite.PogoInterceptableSite.call(PogoInterceptableSite.java:48)
	at org.codehaus.groovy.runtime.callsite.AbstractCallSite.call(AbstractCallSite.java:133)
	at com.jayway.restassured.internal.ResponseSpecificationImpl.get(ResponseSpecificationImpl.groovy:276)
	at com.jayway.restassured.internal.ResponseSpecificationImpl.get(ResponseSpecificationImpl.groovy)
	at sky.cucumber.stepDefinitions.HomePageStepDefinitions.i_have_arrived_on_the_website(HomePageStepDefinitions.java:37)
	at ?.Given I have arrived on the website(skyLogin.feature:9)

