<?xml version="1.0" encoding="UTF-8" ?>
<testsuite tests="4" failures="0" name="sky.cucumber.automation.RunTest" time="18.02" errors="0" skipped="0">
  <properties>
[...]
</properties>
  <testcase classname="Scenario: Place multiple bets" name="Given I have arrived on the website" time="0"/>
  <testcase classname="Scenario: Place multiple bets" name="When I place &quot;3&quot; bets" time="0"/>
  <testcase classname="Scenario: Place multiple bets" name="Then the betslip should appear" time="0"/>
  <testcase classname="Scenario: Place multiple bets" name="Scenario: Place multiple bets" time="0.016"/>
</testsuite>